<?xml version="1.0" encoding="UTF-8"?>
<!-- Generated by org.testng.reporters.JUnitReportReporter -->
<testsuite hostname="DESKTOP-CEV9GJ0" name="com.automation.maven.SampleTest2" tests="2" failures="0" timestamp="8 Jan 2020 08:47:56 GMT" time="44.712" errors="0">
  <testcase name="test2" time="12.892" classname="com.automation.maven.SampleTest2"/>
  <testcase name="test1" time="31.820" classname="com.automation.maven.SampleTest2"/>
</testsuite> <!-- com.automation.maven.SampleTest2 -->
