<?xml version="1.0" encoding="UTF-8"?>
<!-- Generated by org.testng.reporters.JUnitReportReporter -->
<testsuite hostname="DESKTOP-CEV9GJ0" name="com.automation.maven.FirrstMavenClass" tests="1" failures="0" timestamp="16 Aug 2016 15:58:50 GMT" time="११.७९१" errors="0">
  <testcase name="testsecond1" time="११.७९१" classname="com.automation.maven.FirrstMavenClass"/>
</testsuite> <!-- com.automation.maven.FirrstMavenClass -->
