<?xml version="1.0" encoding="UTF-8"?>
<!-- Generated by org.testng.reporters.JUnitReportReporter -->
<testsuite hostname="DESKTOP-CEV9GJ0" name="com.automation.maven.DashBoardTest" tests="1" failures="0" timestamp="19 Aug 2016 04:06:39 GMT" time="१८.८६६" errors="0">
  <testcase name="clickOnPost" time="१८.८६६" classname="com.automation.maven.DashBoardTest"/>
</testsuite> <!-- com.automation.maven.DashBoardTest -->
