<?xml version="1.0" encoding="UTF-8"?>
<!-- Generated by org.testng.reporters.JUnitReportReporter -->
<testsuite hostname="DESKTOP-CEV9GJ0" name="FindAllTextFields" tests="1" failures="0" timestamp="10 Jan 2020 09:08:11 GMT" time="119.946" errors="0">
  <testcase name="findtextfields" time="119.946" classname="FindAllTextFields"/>
</testsuite> <!-- FindAllTextFields -->
