<?xml version="1.0" encoding="UTF-8"?>
<!-- Generated by org.testng.reporters.JUnitReportReporter -->
<testsuite hostname="DESKTOP-CEV9GJ0" name="testRunners.SampleDemo" tests="1" failures="0" timestamp="1 Feb 2020 11:02:22 GMT" time="0.031" errors="0">
  <testcase name="sampleMethod" time="0.031" classname="testRunners.SampleDemo"/>
</testsuite> <!-- testRunners.SampleDemo -->
