<?xml version="1.0" encoding="UTF-8"?>
<!-- Generated by org.testng.reporters.JUnitReportReporter -->
<testsuite hostname="DESKTOP-CEV9GJ0" name="com.automation.maven.SampleTest" tests="2" failures="0" timestamp="8 Jan 2020 08:47:56 GMT" time="32.299" errors="0">
  <testcase name="test1" time="13.569" classname="com.automation.maven.SampleTest"/>
  <testcase name="test2" time="18.730" classname="com.automation.maven.SampleTest"/>
</testsuite> <!-- com.automation.maven.SampleTest -->
