<?xml version="1.0" encoding="UTF-8"?>
<!-- Generated by org.testng.reporters.JUnitReportReporter -->
<testsuite hostname="DESKTOP-CEV9GJ0" name="programprctice.NewTest" tests="2" failures="0" timestamp="25 Dec 2019 13:27:16 GMT" time="0.020" errors="0">
  <testcase name="myTest" time="0.016" classname="programprctice.NewTest"/>
  <testcase name="myTest2" time="0.004" classname="programprctice.NewTest"/>
</testsuite> <!-- programprctice.NewTest -->
