<?xml version="1.0" encoding="UTF-8"?>
<!-- Generated by org.testng.reporters.JUnitReportReporter -->
<testsuite hostname="DESKTOP-CEV9GJ0" name="ExtarctAllLinks" tests="1" failures="0" timestamp="10 Jan 2020 09:57:23 GMT" time="154.853" errors="0">
  <testcase name="extarctAllLInks" time="154.853" classname="ExtarctAllLinks"/>
</testsuite> <!-- ExtarctAllLinks -->
