<?xml version="1.0" encoding="UTF-8"?>
<!-- Generated by org.testng.reporters.JUnitReportReporter -->
<testsuite hostname="DESKTOP-CEV9GJ0" name="com.automation.maven.LoginTest" tests="3" failures="0" timestamp="20 Aug 2016 13:46:44 GMT" time="७५.०७९" errors="0">
  <testcase name="logintestfunction" time="२५.५००" classname="com.automation.maven.LoginTest"/>
  <testcase name="logintestfunction" time="१५.८५५" classname="com.automation.maven.LoginTest"/>
  <testcase name="logintestfunction" time="३३.७२४" classname="com.automation.maven.LoginTest"/>
</testsuite> <!-- com.automation.maven.LoginTest -->
